# JRE version: OpenJDK Runtime Environment (8.0_152-b01) (build 1.8.0_152-release-1343-b01)
# Java VM: OpenJDK 64-Bit Server VM (25.152-b01 mixed mode windows-amd64 compressed oops)
Heap:
 PSYoungGen      total 245760K, used 184614K [0x00000000e0000000, 0x00000000f3180000, 0x0000000100000000)
  eden space 200704K, 91% used [0x00000000e0000000,0x00000000eb449980,0x00000000ec400000)
  from space 45056K, 0% used [0x00000000f0580000,0x00000000f0580000,0x00000000f3180000)
  to   space 54272K, 0% used [0x00000000ec780000,0x00000000ec780000,0x00000000efc80000)
 ParOldGen       total 408576K, used 81798K [0x00000000a0000000, 0x00000000b8f00000, 0x00000000e0000000)
  object space 408576K, 20% used [0x00000000a0000000,0x00000000a4fe1b10,0x00000000b8f00000)
 Metaspace       used 94332K, capacity 98880K, committed 99328K, reserved 1136640K
  class space    used 11919K, capacity 12918K, committed 13056K, reserved 1048576K
GC Heap History (10 events):
Event: 461.305 GC heap before
{Heap before GC invocations=20 (full 3):
 PSYoungGen      total 220160K, used 220146K [0x00000000e0000000, 0x00000000f1f80000, 0x0000000100000000)
  eden space 188928K, 100% used [0x00000000e0000000,0x00000000eb880000,0x00000000eb880000)
  from space 31232K, 99% used [0x00000000edd80000,0x00000000efbfc8a8,0x00000000efc00000)
  to   space 37888K, 0% used [0x00000000eb880000,0x00000000eb880000,0x00000000edd80000)
 ParOldGen       total 246272K, used 48987K [0x00000000a0000000, 0x00000000af080000, 0x00000000e0000000)
  object space 246272K, 19% used [0x00000000a0000000,0x00000000a2fd6eb8,0x00000000af080000)
 Metaspace       used 89732K, capacity 94144K, committed 94336K, reserved 1130496K
  class space    used 11573K, capacity 12554K, committed 12672K, reserved 1048576K
Event: 461.321 GC heap after
Heap after GC invocations=20 (full 3):
 PSYoungGen      total 226816K, used 28703K [0x00000000e0000000, 0x00000000f1780000, 0x0000000100000000)
  eden space 188928K, 0% used [0x00000000e0000000,0x00000000e0000000,0x00000000eb880000)
  from space 37888K, 75% used [0x00000000eb880000,0x00000000ed487e08,0x00000000edd80000)
  to   space 39936K, 0% used [0x00000000ef080000,0x00000000ef080000,0x00000000f1780000)
 ParOldGen       total 246272K, used 52120K [0x00000000a0000000, 0x00000000af080000, 0x00000000e0000000)
  object space 246272K, 21% used [0x00000000a0000000,0x00000000a32e61a0,0x00000000af080000)
 Metaspace       used 89732K, capacity 94144K, committed 94336K, reserved 1130496K
  class space    used 11573K, capacity 12554K, committed 12672K, reserved 1048576K
}
Event: 463.212 GC heap before
{Heap before GC invocations=21 (full 3):
 PSYoungGen      total 226816K, used 217631K [0x00000000e0000000, 0x00000000f1780000, 0x0000000100000000)
  eden space 188928K, 100% used [0x00000000e0000000,0x00000000eb880000,0x00000000eb880000)
  from space 37888K, 75% used [0x00000000eb880000,0x00000000ed487e08,0x00000000edd80000)
  to   space 39936K, 0% used [0x00000000ef080000,0x00000000ef080000,0x00000000f1780000)
 ParOldGen       total 246272K, used 52135K [0x00000000a0000000, 0x00000000af080000, 0x00000000e0000000)
  object space 246272K, 21% used [0x00000000a0000000,0x00000000a32e9f40,0x00000000af080000)
 Metaspace       used 89793K, capacity 94272K, committed 94592K, reserved 1130496K
  class space    used 11580K, capacity 12554K, committed 12672K, reserved 1048576K
Event: 463.225 GC heap after
Heap after GC invocations=21 (full 3):
 PSYoungGen      total 245248K, used 26516K [0x00000000e0000000, 0x00000000f1780000, 0x0000000100000000)
  eden space 205312K, 0% used [0x00000000e0000000,0x00000000e0000000,0x00000000ec880000)
  from space 39936K, 66% used [0x00000000ef080000,0x00000000f0a653e8,0x00000000f1780000)
  to   space 40448K, 0% used [0x00000000ec880000,0x00000000ec880000,0x00000000ef000000)
 ParOldGen       total 246272K, used 52143K [0x00000000a0000000, 0x00000000af080000, 0x00000000e0000000)
  object space 246272K, 21% used [0x00000000a0000000,0x00000000a32ebf40,0x00000000af080000)
 Metaspace       used 89793K, capacity 94272K, committed 94592K, reserved 1130496K
  class space    used 11580K, capacity 12554K, committed 12672K, reserved 1048576K
}
Event: 464.933 GC heap before
{Heap before GC invocations=22 (full 3):
 PSYoungGen      total 245248K, used 231828K [0x00000000e0000000, 0x00000000f1780000, 0x0000000100000000)
  eden space 205312K, 100% used [0x00000000e0000000,0x00000000ec880000,0x00000000ec880000)
  from space 39936K, 66% used [0x00000000ef080000,0x00000000f0a653e8,0x00000000f1780000)
  to   space 40448K, 0% used [0x00000000ec880000,0x00000000ec880000,0x00000000ef000000)
 ParOldGen       total 246272K, used 52143K [0x00000000a0000000, 0x00000000af080000, 0x00000000e0000000)
  object space 246272K, 21% used [0x00000000a0000000,0x00000000a32ebf40,0x00000000af080000)
 Metaspace       used 90363K, capacity 94872K, committed 95104K, reserved 1132544K
  class space    used 11640K, capacity 12606K, committed 12672K, reserved 1048576K
Event: 464.948 GC heap after
Heap after GC invocations=22 (full 3):
 PSYoungGen      total 245760K, used 38383K [0x00000000e0000000, 0x00000000f3180000, 0x0000000100000000)
  eden space 205312K, 0% used [0x00000000e0000000,0x00000000e0000000,0x00000000ec880000)
  from space 40448K, 94% used [0x00000000ec880000,0x00000000eedfbc00,0x00000000ef000000)
  to   space 45056K, 0% used [0x00000000f0580000,0x00000000f0580000,0x00000000f3180000)
 ParOldGen       total 246272K, used 52151K [0x00000000a0000000, 0x00000000af080000, 0x00000000e0000000)
  object space 246272K, 21% used [0x00000000a0000000,0x00000000a32edf40,0x00000000af080000)
 Metaspace       used 90363K, capacity 94872K, committed 95104K, reserved 1132544K
  class space    used 11640K, capacity 12606K, committed 12672K, reserved 1048576K
}
Event: 499.841 GC heap before
{Heap before GC invocations=23 (full 3):
 PSYoungGen      total 245760K, used 211632K [0x00000000e0000000, 0x00000000f3180000, 0x0000000100000000)
  eden space 205312K, 84% used [0x00000000e0000000,0x00000000ea930450,0x00000000ec880000)
  from space 40448K, 94% used [0x00000000ec880000,0x00000000eedfbc00,0x00000000ef000000)
  to   space 45056K, 0% used [0x00000000f0580000,0x00000000f0580000,0x00000000f3180000)
 ParOldGen       total 246272K, used 52151K [0x00000000a0000000, 0x00000000af080000, 0x00000000e0000000)
  object space 246272K, 21% used [0x00000000a0000000,0x00000000a32edf40,0x00000000af080000)
 Metaspace       used 93683K, capacity 98408K, committed 98496K, reserved 1134592K
  class space    used 11893K, capacity 12882K, committed 12928K, reserved 1048576K
Event: 499.879 GC heap after
Heap after GC invocations=23 (full 3):
 PSYoungGen      total 245760K, used 45036K [0x00000000e0000000, 0x00000000f3180000, 0x0000000100000000)
  eden space 200704K, 0% used [0x00000000e0000000,0x00000000e0000000,0x00000000ec400000)
  from space 45056K, 99% used [0x00000000f0580000,0x00000000f317b108,0x00000000f3180000)
  to   space 54272K, 0% used [0x00000000ec780000,0x00000000ec780000,0x00000000efc80000)
 ParOldGen       total 246272K, used 60569K [0x00000000a0000000, 0x00000000af080000, 0x00000000e0000000)
  object space 246272K, 24% used [0x00000000a0000000,0x00000000a3b26468,0x00000000af080000)
 Metaspace       used 93683K, capacity 98408K, committed 98496K, reserved 1134592K
  class space    used 11893K, capacity 12882K, committed 12928K, reserved 1048576K
}
Event: 499.879 GC heap before
{Heap before GC invocations=24 (full 4):
 PSYoungGen      total 245760K, used 45036K [0x00000000e0000000, 0x00000000f3180000, 0x0000000100000000)
  eden space 200704K, 0% used [0x00000000e0000000,0x00000000e0000000,0x00000000ec400000)
  from space 45056K, 99% used [0x00000000f0580000,0x00000000f317b108,0x00000000f3180000)
  to   space 54272K, 0% used [0x00000000ec780000,0x00000000ec780000,0x00000000efc80000)
 ParOldGen       total 246272K, used 60569K [0x00000000a0000000, 0x00000000af080000, 0x00000000e0000000)
  object space 246272K, 24% used [0x00000000a0000000,0x00000000a3b26468,0x00000000af080000)
 Metaspace       used 93683K, capacity 98408K, committed 98496K, reserved 1134592K
  class space    used 11893K, capacity 12882K, committed 12928K, reserved 1048576K
Event: 500.058 GC heap after
Heap after GC invocations=24 (full 4):
 PSYoungGen      total 245760K, used 0K [0x00000000e0000000, 0x00000000f3180000, 0x0000000100000000)
  eden space 200704K, 0% used [0x00000000e0000000,0x00000000e0000000,0x00000000ec400000)
  from space 45056K, 0% used [0x00000000f0580000,0x00000000f0580000,0x00000000f3180000)
  to   space 54272K, 0% used [0x00000000ec780000,0x00000000ec780000,0x00000000efc80000)
 ParOldGen       total 408576K, used 81798K [0x00000000a0000000, 0x00000000b8f00000, 0x00000000e0000000)
  object space 408576K, 20% used [0x00000000a0000000,0x00000000a4fe1b10,0x00000000b8f00000)
 Metaspace       used 93451K, capacity 97692K, committed 98496K, reserved 1134592K
  class space    used 11828K, capacity 12698K, committed 12928K, reserved 1048576K
}

